[15:34:17] [main/INFO] (FabricLoader/GameProvider) Loading Minecraft 20w14~ with Fabric Loader 0.15.6
[15:34:17] [main/INFO] (FabricLoader) Dependencies overridden for fabric-biomes-v1, fabric, fabric-particles-v1, wi-zoom, fabric-registry-sync-v0
[15:34:17] [main/INFO] (FabricLoader) Loading 37 mods:
	- fabric 0.5.7+build.2-20w14infinite
	- fabric-api-base 0.1.2+b7f9825d1d
	- fabric-biomes-v1 0.3.0+f01565521d
	- fabric-blockrenderlayer-v1 1.1.4+c6a8ea891d
	- fabric-commands-v0 0.1.2+b7f9825d1d
	- fabric-containers-v0 0.1.7+d249f7b61d
	- fabric-content-registries-v0 0.1.3+b7f9825d1d
	- fabric-crash-report-info-v1 0.1.2+b7f9825d1d
	- fabric-dimensions-v1 0.3.1+d249f7b61d
	- fabric-events-interaction-v0 0.3.0+04b997941d
	- fabric-events-lifecycle-v0 0.1.2+b7f9825d1d
	- fabric-item-groups-v0 0.1.10+d249f7b61d
	- fabric-keybindings-v0 0.1.1+dfdb52d61d
	- fabric-loot-tables-v1 0.1.6+2f56dff21d
	- fabric-mining-levels-v0 0.1.2+5b8a535a1d
	- fabric-models-v0 0.1.0+dfdb52d61d
	- fabric-networking-blockentity-v0 0.2.5+b50ffc7b1d
	- fabric-networking-v0 0.1.9+d249f7b61d
	- fabric-object-builders-v0 0.2.2+372d827d1d
	- fabric-particles-v1 0.1.2+f01565521d
	- fabric-registry-sync-v0 0.3.0+f01565521d
	- fabric-renderer-api-v1 0.2.11+2f56dff21d
	- fabric-renderer-indigo 0.2.28+f01565521d
	- fabric-renderer-registries-v1 2.0.1+5a0f9a601d
	- fabric-rendering-data-attachment-v1 0.1.3+b7f9825d1d
	- fabric-rendering-fluids-v1 0.1.6+12515ed91d
	- fabric-rendering-v0 1.1.0+534104901d
	- fabric-rendering-v1 0.1.1+d249f7b61d
	- fabric-resource-loader-v0 0.1.12+5b8a535a1d
	- fabric-tag-extensions-v0 0.1.3+abd915801d
	- fabric-textures-v0 1.0.4+821cdba71d
	- fabricloader 0.15.6
	- gbfabrictools 1.0.0
	- java 17
	- minecraft 1.16-alpha.20.13.inf
	- mixinextras 0.3.2
	- modmenu 1.11.1+build.3
[15:34:17] [main/INFO] (FabricLoader/Mixin) SpongePowered MIXIN Subsystem Version=0.8.5 Source=file:/home/cassian/.gradle/caches/modules-2/files-2.1/net.fabricmc/sponge-mixin/0.12.5+mixin.0.8.5/8d31fb97c3e0cd7c8dad3441851c523bcfae6d8e/sponge-mixin-0.12.5+mixin.0.8.5.jar Service=Knot/Fabric Env=CLIENT
[15:34:17] [main/INFO] (FabricLoader/Mixin) Loaded Fabric development mappings for mixin remapper!
[15:34:18] [main/WARN] (FabricLoader/Mixin) Reference map 'de-guntram-mcmod-fabrictools-refmap.json' for mixins.de-guntram-mcmod-fabrictools.json could not be read. If this is a development environment you can ignore this message
[15:34:18] [main/INFO] (FabricLoader/MixinExtras|Service) Initializing MixinExtras via com.llamalad7.mixinextras.service.MixinExtrasServiceImpl(version=0.3.2).
[15:34:19] [main/INFO] (Minecraft) Setting user: Player422
[15:34:23] [main/INFO] (Indigo) [Indigo] Registering Indigo renderer!
[15:34:23] [main/INFO] (Minecraft) Backend library: LWJGL version 3.3.2-snapshot
[15:34:24] [main/INFO] (Minecraft) Narrator library successfully loaded
[15:34:24] [main/INFO] (Minecraft) Reloading ResourceManager: Default, Fabric Mining Levels (v0), Fabric Commands (v0), Fabric API Base, Fabric Key Bindings (v0), Fabric Item Groups (v0), Fabric Models (v0), Fabric Object Builders (v0), Fabric Rendering Fluids (v1), Fabric Networking (v0), Fabric Loot Tables (v1), Fabric Events Interaction (v0), Fabric Content Registries (v0), Fabric Textures (v0), Fabric Crash Report Info (v1), Fabric API, Fabric Containers (v0), Fabric Loader, Fabric Events Lifecycle (v0), Fabric Resource Loader (v0), Fabric Rendering (v0), Fabric Renderer Registries (v1), Fabric Rendering Data Attachment (v1), Fabric Renderer - Indigo, Fabric Biomes (v1), Fabric Registry Sync (v0), Fabric Renderer API (v1), Fabric Networking Block Entity (v0), Fabric Rendering (v1), Mod Menu, Fabric Tag Extensions (v0), Fabric BlockRenderLayer Registration (v1)
[15:34:25] [Realms Notification Availability checker #1/INFO] (Minecraft) Could not authorize you against Realms server: Invalid session id
[15:34:30] [main/WARN] (Minecraft) Missing sound for event: minecraft:music.nether
[15:34:30] [main/INFO] (Minecraft) OpenAL initialized.
[15:34:30] [main/INFO] (Minecraft) Sound engine started
[15:34:31] [main/INFO] (Minecraft) Created: 1024x1024x4 minecraft:textures/atlas/blocks.png-atlas
[15:34:31] [main/INFO] (Minecraft) Created: 256x128x4 minecraft:textures/atlas/signs.png-atlas
[15:34:31] [main/INFO] (Minecraft) Created: 1024x512x4 minecraft:textures/atlas/banner_patterns.png-atlas
[15:34:31] [main/INFO] (Minecraft) Created: 1024x512x4 minecraft:textures/atlas/shield_patterns.png-atlas
[15:34:31] [main/INFO] (Minecraft) Created: 256x256x4 minecraft:textures/atlas/chest.png-atlas
[15:34:31] [main/INFO] (Minecraft) Created: 512x256x4 minecraft:textures/atlas/beds.png-atlas
[15:34:31] [main/INFO] (Minecraft) Created: 512x256x4 minecraft:textures/atlas/shulker_boxes.png-atlas
[15:34:31] [main/INFO] (Minecraft) Created: 256x256x0 minecraft:textures/atlas/particles.png-atlas
[15:34:31] [main/INFO] (Minecraft) Created: 256x256x0 minecraft:textures/atlas/paintings.png-atlas
[15:34:31] [main/INFO] (Minecraft) Created: 256x128x0 minecraft:textures/atlas/mob_effects.png-atlas
[15:34:44] [main/INFO] (Minecraft) Stopping!
